The C compiler identification could not be found in "/home/nikita/projects/semilocal/source/cpu/Google_tests/cmake-build-release-coverage/CMakeFiles/3.17.3/CompilerIdC/CMakeCCompilerId.gcno"

The CXX compiler identification could not be found in "/home/nikita/projects/semilocal/source/cpu/Google_tests/cmake-build-release-coverage/CMakeFiles/3.17.3/CompilerIdCXX/CMakeCXXCompilerId.gcno"

Performing C SOURCE FILE Test CMAKE_HAVE_LIBC_PTHREAD failed with the following output:
Change Dir: /home/nikita/projects/semilocal/source/cpu/Google_tests/cmake-build-release-coverage/CMakeFiles/CMakeTmp

Run Build Command(s):/usr/bin/make cmTC_c7470/fast && /usr/bin/make  -f CMakeFiles/cmTC_c7470.dir/build.make CMakeFiles/cmTC_c7470.dir/build
make[1]: Entering directory '/home/nikita/projects/semilocal/source/cpu/Google_tests/cmake-build-release-coverage/CMakeFiles/CMakeTmp'
Building C object CMakeFiles/cmTC_c7470.dir/src.c.o
/usr/bin/gcc-10   --coverage -DCMAKE_HAVE_LIBC_PTHREAD   -o CMakeFiles/cmTC_c7470.dir/src.c.o   -c /home/nikita/projects/semilocal/source/cpu/Google_tests/cmake-build-release-coverage/CMakeFiles/CMakeTmp/src.c
Linking C executable cmTC_c7470
/home/nikita/.local/share/JetBrains/Toolbox/apps/CLion/ch-0/202.6397.106/bin/cmake/linux/bin/cmake -E cmake_link_script CMakeFiles/cmTC_c7470.dir/link.txt --verbose=1
/usr/bin/gcc-10 --coverage -DCMAKE_HAVE_LIBC_PTHREAD    -rdynamic CMakeFiles/cmTC_c7470.dir/src.c.o  -o cmTC_c7470 
CMakeFiles/cmTC_c7470.dir/src.c.o: In function `main':
src.c:(.text+0x62): undefined reference to `pthread_create'
src.c:(.text+0x80): undefined reference to `pthread_detach'
src.c:(.text+0x9e): undefined reference to `pthread_cancel'
src.c:(.text+0xc1): undefined reference to `pthread_join'
src.c:(.text+0xe7): undefined reference to `pthread_atfork'
collect2: error: ld returned 1 exit status
CMakeFiles/cmTC_c7470.dir/build.make:106: recipe for target 'cmTC_c7470' failed
make[1]: *** [cmTC_c7470] Error 1
make[1]: Leaving directory '/home/nikita/projects/semilocal/source/cpu/Google_tests/cmake-build-release-coverage/CMakeFiles/CMakeTmp'
Makefile:141: recipe for target 'cmTC_c7470/fast' failed
make: *** [cmTC_c7470/fast] Error 2


Source file was:
#include <pthread.h>

void* test_func(void* data)
{
  return data;
}

int main(void)
{
  pthread_t thread;
  pthread_create(&thread, NULL, test_func, NULL);
  pthread_detach(thread);
  pthread_cancel(thread);
  pthread_join(thread, NULL);
  pthread_atfork(NULL, NULL, NULL);
  pthread_exit(NULL);

  return 0;
}

Determining if the function pthread_create exists in the pthreads failed with the following output:
Change Dir: /home/nikita/projects/semilocal/source/cpu/Google_tests/cmake-build-release-coverage/CMakeFiles/CMakeTmp

Run Build Command(s):/usr/bin/make cmTC_e23bb/fast && /usr/bin/make  -f CMakeFiles/cmTC_e23bb.dir/build.make CMakeFiles/cmTC_e23bb.dir/build
make[1]: Entering directory '/home/nikita/projects/semilocal/source/cpu/Google_tests/cmake-build-release-coverage/CMakeFiles/CMakeTmp'
Building C object CMakeFiles/cmTC_e23bb.dir/CheckFunctionExists.c.o
/usr/bin/gcc-10   --coverage -DCHECK_FUNCTION_EXISTS=pthread_create   -o CMakeFiles/cmTC_e23bb.dir/CheckFunctionExists.c.o   -c /home/nikita/.local/share/JetBrains/Toolbox/apps/CLion/ch-0/202.6397.106/bin/cmake/linux/share/cmake-3.17/Modules/CheckFunctionExists.c
Linking C executable cmTC_e23bb
/home/nikita/.local/share/JetBrains/Toolbox/apps/CLion/ch-0/202.6397.106/bin/cmake/linux/bin/cmake -E cmake_link_script CMakeFiles/cmTC_e23bb.dir/link.txt --verbose=1
/usr/bin/gcc-10 --coverage -DCHECK_FUNCTION_EXISTS=pthread_create    -rdynamic CMakeFiles/cmTC_e23bb.dir/CheckFunctionExists.c.o  -o cmTC_e23bb  -lpthreads 
/usr/bin/ld: cannot find -lpthreads
collect2: error: ld returned 1 exit status
CMakeFiles/cmTC_e23bb.dir/build.make:106: recipe for target 'cmTC_e23bb' failed
make[1]: *** [cmTC_e23bb] Error 1
make[1]: Leaving directory '/home/nikita/projects/semilocal/source/cpu/Google_tests/cmake-build-release-coverage/CMakeFiles/CMakeTmp'
Makefile:141: recipe for target 'cmTC_e23bb/fast' failed
make: *** [cmTC_e23bb/fast] Error 2



